2023-08-06 01:11:41.771137 - Initialized conversion of CBT117
2023-08-06 01:11:41.988323 - Received CBT.V505.FILE117.PDS from FILE117.XMI 
2023-08-06 01:11:41.990715 - Found $$$#DATE.txt (text/plain) in CBT.V505.FILE117.PDS, moved to PDS/$$$#DATE
2023-08-06 01:11:41.991724 - Found $DOCWTOE.txt (text/plain) in CBT.V505.FILE117.PDS, moved to PDS/$DOCWTOE
2023-08-06 01:11:41.992787 - Found @FILE117.txt (text/plain) in CBT.V505.FILE117.PDS, moved to PDS/@FILE117
2023-08-06 01:11:41.993620 - Found IEAVMXIT.txt (text/plain) in CBT.V505.FILE117.PDS, moved to PDS/IEAVMXIT
2023-08-06 01:11:41.994574 - Found MPFLST00.txt (text/plain) in CBT.V505.FILE117.PDS, moved to PDS/MPFLST00
2023-08-06 01:11:41.995545 - Found NEWGENER.txt (text/plain) in CBT.V505.FILE117.PDS, moved to PDS/NEWGENER
2023-08-06 01:11:41.996429 - Found REGEQU.txt (text/plain) in CBT.V505.FILE117.PDS, moved to PDS/REGEQU
2023-08-06 01:11:41.997381 - Found USERCVT.txt (text/plain) in CBT.V505.FILE117.PDS, moved to PDS/USERCVT
2023-08-06 01:11:41.998317 - Found WTODB103.txt (text/plain) in CBT.V505.FILE117.PDS, moved to PDS/WTODB103
2023-08-06 01:11:41.999245 - Found WTOD1001.txt (text/plain) in CBT.V505.FILE117.PDS, moved to PDS/WTOD1001
2023-08-06 01:11:42.000106 - Found WTOECVT.txt (text/plain) in CBT.V505.FILE117.PDS, moved to PDS/WTOECVT
2023-08-06 01:11:42.000979 - Found WTOEDB30.txt (text/plain) in CBT.V505.FILE117.PDS, moved to PDS/WTOEDB30
2023-08-06 01:11:42.001900 - Found WTOEF97I.txt (text/plain) in CBT.V505.FILE117.PDS, moved to PDS/WTOEF97I
2023-08-06 01:11:42.002768 - Found WTOEIUTL.txt (text/plain) in CBT.V505.FILE117.PDS, moved to PDS/WTOEIUTL
2023-08-06 01:11:42.003621 - Found WTOEI000.txt (text/plain) in CBT.V505.FILE117.PDS, moved to PDS/WTOEI000
2023-08-06 01:11:42.004478 - Found WTOEI554.txt (text/plain) in CBT.V505.FILE117.PDS, moved to PDS/WTOEI554
2023-08-06 01:11:42.005353 - Found WTOEI996.txt (text/plain) in CBT.V505.FILE117.PDS, moved to PDS/WTOEI996
2023-08-06 01:11:42.006261 - Found WTOENROL.txt (text/plain) in CBT.V505.FILE117.PDS, moved to PDS/WTOENROL
2023-08-06 01:11:42.007138 - Found WTOERD.txt (text/plain) in CBT.V505.FILE117.PDS, moved to PDS/WTOERD
2023-08-06 01:11:42.008027 - Found WTOERHLD.txt (text/plain) in CBT.V505.FILE117.PDS, moved to PDS/WTOERHLD
2023-08-06 01:11:42.008968 - Found WTOERM.txt (text/plain) in CBT.V505.FILE117.PDS, moved to PDS/WTOERM
2023-08-06 01:11:42.009936 - Found WTOERNHL.txt (text/plain) in CBT.V505.FILE117.PDS, moved to PDS/WTOERNHL
2023-08-06 01:11:42.010877 - Found WTOEROLL.txt (text/plain) in CBT.V505.FILE117.PDS, moved to PDS/WTOEROLL
2023-08-06 01:11:42.011753 - Found WTOERU.txt (text/plain) in CBT.V505.FILE117.PDS, moved to PDS/WTOERU
2023-08-06 01:11:42.012664 - Found WTOERWAT.txt (text/plain) in CBT.V505.FILE117.PDS, moved to PDS/WTOERWAT
2023-08-06 01:11:42.013563 - Found WTOERY.txt (text/plain) in CBT.V505.FILE117.PDS, moved to PDS/WTOERY
2023-08-06 01:11:42.014545 - Found WTOER301.txt (text/plain) in CBT.V505.FILE117.PDS, moved to PDS/WTOER301
2023-08-06 01:11:42.015467 - Found WTOETPS1.txt (text/plain) in CBT.V505.FILE117.PDS, moved to PDS/WTOETPS1
2023-08-06 01:11:42.016385 - Found WTOETPS2.txt (text/plain) in CBT.V505.FILE117.PDS, moved to PDS/WTOETPS2
2023-08-06 01:11:42.017290 - Found WTOEUCVT.txt (text/plain) in CBT.V505.FILE117.PDS, moved to PDS/WTOEUCVT
2023-08-06 01:11:42.018262 - Found WTOE176I.txt (text/plain) in CBT.V505.FILE117.PDS, moved to PDS/WTOE176I
2023-08-06 01:11:42.019184 - Found WTOE315I.txt (text/plain) in CBT.V505.FILE117.PDS, moved to PDS/WTOE315I
2023-08-06 01:11:42.020083 - Found WTOE362A.txt (text/plain) in CBT.V505.FILE117.PDS, moved to PDS/WTOE362A
